<?xml version="1.0" encoding="UTF-8"?>
<testng-results ignored="0" total="1" passed="1" failed="0" skipped="0">
  <reporter-output>
  </reporter-output>
  <suite started-at="2022-09-24T15:39:16Z" name="Suite" finished-at="2022-09-24T15:40:46Z" duration-ms="89844">
    <groups>
    </groups>
    <test started-at="2022-09-24T15:39:16Z" name="Test" finished-at="2022-09-24T15:40:46Z" duration-ms="89844">
      <class name="FirstTest.SampleOne">
        <test-method signature="openB_TC_001()[pri:0, instance:FirstTest.SampleOne@4167d97b]" started-at="2022-09-24T15:39:16Z" name="openB_TC_001" finished-at="2022-09-24T15:40:46Z" duration-ms="89802" status="PASS">
          <reporter-output>
          </reporter-output>
        </test-method> <!-- openB_TC_001 -->
      </class> <!-- FirstTest.SampleOne -->
    </test> <!-- Test -->
  </suite> <!-- Suite -->
</testng-results>
