<?xml version="1.0" encoding="UTF-8"?>
<testng-results ignored="0" total="1" passed="1" failed="0" skipped="0">
  <reporter-output>
  </reporter-output>
  <suite started-at="2022-09-24T15:31:59Z" name="Suite" finished-at="2022-09-24T15:32:44Z" duration-ms="44872">
    <groups>
    </groups>
    <test started-at="2022-09-24T15:31:59Z" name="Test" finished-at="2022-09-24T15:32:44Z" duration-ms="44872">
      <class name="FirstTest.SampleOne">
        <test-method signature="openB_TC_001()[pri:0, instance:FirstTest.SampleOne@18e36d14]" started-at="2022-09-24T15:31:59Z" name="openB_TC_001" finished-at="2022-09-24T15:32:44Z" duration-ms="44814" status="PASS">
          <reporter-output>
          </reporter-output>
        </test-method> <!-- openB_TC_001 -->
      </class> <!-- FirstTest.SampleOne -->
    </test> <!-- Test -->
  </suite> <!-- Suite -->
</testng-results>
