<?xml version="1.0" encoding="UTF-8"?>
<testng-results ignored="0" total="1" passed="1" failed="0" skipped="0">
  <reporter-output>
  </reporter-output>
  <suite started-at="2022-09-24T15:05:01Z" name="Default suite" finished-at="2022-09-24T15:05:26Z" duration-ms="24981">
    <groups>
    </groups>
    <test started-at="2022-09-24T15:05:01Z" name="Default test" finished-at="2022-09-24T15:05:26Z" duration-ms="24981">
      <class name="FirstTest.SampleOne">
        <test-method signature="openB_TC_001()[pri:0, instance:FirstTest.SampleOne@18e36d14]" started-at="2022-09-24T15:05:01Z" name="openB_TC_001" finished-at="2022-09-24T15:05:26Z" duration-ms="24948" status="PASS">
          <reporter-output>
          </reporter-output>
        </test-method> <!-- openB_TC_001 -->
      </class> <!-- FirstTest.SampleOne -->
    </test> <!-- Default test -->
  </suite> <!-- Default suite -->
</testng-results>
